<?xml version="1.0" encoding="UTF-8"?>
<!-- Generated by org.testng.reporters.JUnitReportReporter -->
<testsuite hostname="DESKTOP-1DIKA02" failures="0" tests="1" name="Testng.A" time="0.008" errors="0" timestamp="2022-08-25T11:50:58 IST" skipped="0">
  <testcase classname="Testng.A" name="TC" time="0.008"/>
  <system-out>
    <![CDATA[Hiii]]>
  </system-out>
</testsuite> <!-- Testng.A -->
